Arguments: 
  /usr/local/bin/node /usr/local/Cellar/yarn/1.12.3/libexec/bin/yarn.js start

PATH: 
  /Users/phil/bin:/usr/local/bin:/usr/local/bin:/usr/bin:/bin:/usr/sbin:/sbin:/Users/phil/bin

Yarn version: 
  1.12.3

Node version: 
  8.11.4

Platform: 
  darwin x64

Trace: 
  SyntaxError: /Users/phil/projects/netlify/workshops/ssgs-and-netlify/1/package.json: Unexpected token } in JSON at position 337
      at JSON.parse (<anonymous>)
      at /usr/local/Cellar/yarn/1.12.3/libexec/lib/cli.js:1631:59
      at Generator.next (<anonymous>)
      at step (/usr/local/Cellar/yarn/1.12.3/libexec/lib/cli.js:304:30)
      at /usr/local/Cellar/yarn/1.12.3/libexec/lib/cli.js:315:13
      at <anonymous>

npm manifest: 
  {
    "name": "ssgs-and-netlify",
    "version": "1.0.0",
    "description": "An SSG and Netlify playground",
    "scripts": {
      "start": "eleventy --serve",
      "build": "eleventy"
    },
    "repository": {
      "type": "git",
      "url": "https://github.com/philhawksworth/hawksworx.com"
    },
    "dependencies": {
      "@11ty/eleventy": "0.6.0",
    },
    "author": "Phil Hawksworth",
    "license": "ISC"
  }

yarn manifest: 
  No manifest

Lockfile: 
  No lockfile
